[2025-12-04 22:48:39] SQLGrammarException: could not execute statement [You have an error in your SQL syntax; check the manual that corresponds to your MySQL server version for the right syntax to use near 'condition='OBECNY',first_name='Paweł',group_id=4,last_name='Kowalsk',salary=700' at line 1] [update employees set birth_year=?,condition=?,first_name=?,group_id=?,last_name=?,salary=? where id=?]
org.hibernate.exception.SQLGrammarException: could not execute statement [You have an error in your SQL syntax; check the manual that corresponds to your MySQL server version for the right syntax to use near 'condition='OBECNY',first_name='Paweł',group_id=4,last_name='Kowalsk',salary=700' at line 1] [update employees set birth_year=?,condition=?,first_name=?,group_id=?,last_name=?,salary=? where id=?]
	at org.hibernate.orm.core@6.4.4.Final/org.hibernate.exception.internal.SQLExceptionTypeDelegate.convert(SQLExceptionTypeDelegate.java:66)
	at org.hibernate.orm.core@6.4.4.Final/org.hibernate.exception.internal.StandardSQLExceptionConverter.convert(StandardSQLExceptionConverter.java:58)
	at org.hibernate.orm.core@6.4.4.Final/org.hibernate.engine.jdbc.spi.SqlExceptionHelper.convert(SqlExceptionHelper.java:108)
	at org.hibernate.orm.core@6.4.4.Final/org.hibernate.engine.jdbc.internal.ResultSetReturnImpl.executeUpdate(ResultSetReturnImpl.java:197)
	at org.hibernate.orm.core@6.4.4.Final/org.hibernate.engine.jdbc.mutation.internal.AbstractMutationExecutor.performNonBatchedMutation(AbstractMutationExecutor.java:108)
	at org.hibernate.orm.core@6.4.4.Final/org.hibernate.engine.jdbc.mutation.internal.MutationExecutorSingleNonBatched.performNonBatchedOperations(MutationExecutorSingleNonBatched.java:40)
	at org.hibernate.orm.core@6.4.4.Final/org.hibernate.engine.jdbc.mutation.internal.AbstractMutationExecutor.execute(AbstractMutationExecutor.java:52)
	at org.hibernate.orm.core@6.4.4.Final/org.hibernate.persister.entity.mutation.UpdateCoordinatorStandard.doStaticUpdate(UpdateCoordinatorStandard.java:778)
	at org.hibernate.orm.core@6.4.4.Final/org.hibernate.persister.entity.mutation.UpdateCoordinatorStandard.performUpdate(UpdateCoordinatorStandard.java:324)
	at org.hibernate.orm.core@6.4.4.Final/org.hibernate.persister.entity.mutation.UpdateCoordinatorStandard.coordinateUpdate(UpdateCoordinatorStandard.java:242)
	at org.hibernate.orm.core@6.4.4.Final/org.hibernate.persister.entity.AbstractEntityPersister.update(AbstractEntityPersister.java:2810)
	at org.hibernate.orm.core@6.4.4.Final/org.hibernate.action.internal.EntityUpdateAction.execute(EntityUpdateAction.java:168)
	at org.hibernate.orm.core@6.4.4.Final/org.hibernate.engine.spi.ActionQueue.executeActions(ActionQueue.java:632)
	at org.hibernate.orm.core@6.4.4.Final/org.hibernate.engine.spi.ActionQueue.executeActions(ActionQueue.java:499)
	at org.hibernate.orm.core@6.4.4.Final/org.hibernate.event.internal.AbstractFlushingEventListener.performExecutions(AbstractFlushingEventListener.java:363)
	at org.hibernate.orm.core@6.4.4.Final/org.hibernate.event.internal.DefaultFlushEventListener.onFlush(DefaultFlushEventListener.java:41)
	at org.hibernate.orm.core@6.4.4.Final/org.hibernate.event.service.internal.EventListenerGroupImpl.fireEventOnEachListener(EventListenerGroupImpl.java:127)
	at org.hibernate.orm.core@6.4.4.Final/org.hibernate.internal.SessionImpl.doFlush(SessionImpl.java:1403)
	at org.hibernate.orm.core@6.4.4.Final/org.hibernate.internal.SessionImpl.managedFlush(SessionImpl.java:484)
	at org.hibernate.orm.core@6.4.4.Final/org.hibernate.internal.SessionImpl.flushBeforeTransactionCompletion(SessionImpl.java:2319)
	at org.hibernate.orm.core@6.4.4.Final/org.hibernate.internal.SessionImpl.beforeTransactionCompletion(SessionImpl.java:1976)
	at org.hibernate.orm.core@6.4.4.Final/org.hibernate.engine.jdbc.internal.JdbcCoordinatorImpl.beforeTransactionCompletion(JdbcCoordinatorImpl.java:439)
	at org.hibernate.orm.core@6.4.4.Final/org.hibernate.resource.transaction.backend.jdbc.internal.JdbcResourceLocalTransactionCoordinatorImpl.beforeCompletionCallback(JdbcResourceLocalTransactionCoordinatorImpl.java:169)
	at org.hibernate.orm.core@6.4.4.Final/org.hibernate.resource.transaction.backend.jdbc.internal.JdbcResourceLocalTransactionCoordinatorImpl$TransactionDriverControlImpl.commit(JdbcResourceLocalTransactionCoordinatorImpl.java:267)
	at org.hibernate.orm.core@6.4.4.Final/org.hibernate.engine.transaction.internal.TransactionImpl.commit(TransactionImpl.java:101)
	at com.example.demo/com.example.demo.controller.EmployeeDAO.update(EmployeeDAO.java:42)
	at com.example.demo/com.example.demo.controller.MainController$5.call(MainController.java:408)
	at com.example.demo/com.example.demo.controller.MainController$5.call(MainController.java:400)
	at javafx.graphics@21.0.6/javafx.concurrent.Task$TaskCallable.call(Task.java:1399)
	at java.base/java.util.concurrent.FutureTask.run(FutureTask.java:317)
	at java.base/java.lang.Thread.run(Thread.java:1575)
Caused by: java.sql.SQLSyntaxErrorException: You have an error in your SQL syntax; check the manual that corresponds to your MySQL server version for the right syntax to use near 'condition='OBECNY',first_name='Paweł',group_id=4,last_name='Kowalsk',salary=700' at line 1
	at com.mysql.cj.jdbc.exceptions.SQLError.createSQLException(SQLError.java:121)
	at com.mysql.cj.jdbc.exceptions.SQLExceptionsMapping.translateException(SQLExceptionsMapping.java:122)
	at com.mysql.cj.jdbc.ClientPreparedStatement.executeInternal(ClientPreparedStatement.java:912)
	at com.mysql.cj.jdbc.ClientPreparedStatement.executeUpdateInternal(ClientPreparedStatement.java:1054)
	at com.mysql.cj.jdbc.ClientPreparedStatement.executeUpdateInternal(ClientPreparedStatement.java:1003)
	at com.mysql.cj.jdbc.ClientPreparedStatement.executeLargeUpdate(ClientPreparedStatement.java:1312)
	at com.mysql.cj.jdbc.ClientPreparedStatement.executeUpdate(ClientPreparedStatement.java:988)
	at org.hibernate.orm.core@6.4.4.Final/org.hibernate.engine.jdbc.internal.ResultSetReturnImpl.executeUpdate(ResultSetReturnImpl.java:194)
	... 27 more

[2025-12-04 22:48:52] SQLGrammarException: could not execute statement [You have an error in your SQL syntax; check the manual that corresponds to your MySQL server version for the right syntax to use near 'condition='OBECNY',first_name='Paweł',group_id=4,last_name='Kowalski',salary=70' at line 1] [update employees set birth_year=?,condition=?,first_name=?,group_id=?,last_name=?,salary=? where id=?]
org.hibernate.exception.SQLGrammarException: could not execute statement [You have an error in your SQL syntax; check the manual that corresponds to your MySQL server version for the right syntax to use near 'condition='OBECNY',first_name='Paweł',group_id=4,last_name='Kowalski',salary=70' at line 1] [update employees set birth_year=?,condition=?,first_name=?,group_id=?,last_name=?,salary=? where id=?]
	at org.hibernate.orm.core@6.4.4.Final/org.hibernate.exception.internal.SQLExceptionTypeDelegate.convert(SQLExceptionTypeDelegate.java:66)
	at org.hibernate.orm.core@6.4.4.Final/org.hibernate.exception.internal.StandardSQLExceptionConverter.convert(StandardSQLExceptionConverter.java:58)
	at org.hibernate.orm.core@6.4.4.Final/org.hibernate.engine.jdbc.spi.SqlExceptionHelper.convert(SqlExceptionHelper.java:108)
	at org.hibernate.orm.core@6.4.4.Final/org.hibernate.engine.jdbc.internal.ResultSetReturnImpl.executeUpdate(ResultSetReturnImpl.java:197)
	at org.hibernate.orm.core@6.4.4.Final/org.hibernate.engine.jdbc.mutation.internal.AbstractMutationExecutor.performNonBatchedMutation(AbstractMutationExecutor.java:108)
	at org.hibernate.orm.core@6.4.4.Final/org.hibernate.engine.jdbc.mutation.internal.MutationExecutorSingleNonBatched.performNonBatchedOperations(MutationExecutorSingleNonBatched.java:40)
	at org.hibernate.orm.core@6.4.4.Final/org.hibernate.engine.jdbc.mutation.internal.AbstractMutationExecutor.execute(AbstractMutationExecutor.java:52)
	at org.hibernate.orm.core@6.4.4.Final/org.hibernate.persister.entity.mutation.UpdateCoordinatorStandard.doStaticUpdate(UpdateCoordinatorStandard.java:778)
	at org.hibernate.orm.core@6.4.4.Final/org.hibernate.persister.entity.mutation.UpdateCoordinatorStandard.performUpdate(UpdateCoordinatorStandard.java:324)
	at org.hibernate.orm.core@6.4.4.Final/org.hibernate.persister.entity.mutation.UpdateCoordinatorStandard.coordinateUpdate(UpdateCoordinatorStandard.java:242)
	at org.hibernate.orm.core@6.4.4.Final/org.hibernate.persister.entity.AbstractEntityPersister.update(AbstractEntityPersister.java:2810)
	at org.hibernate.orm.core@6.4.4.Final/org.hibernate.action.internal.EntityUpdateAction.execute(EntityUpdateAction.java:168)
	at org.hibernate.orm.core@6.4.4.Final/org.hibernate.engine.spi.ActionQueue.executeActions(ActionQueue.java:632)
	at org.hibernate.orm.core@6.4.4.Final/org.hibernate.engine.spi.ActionQueue.executeActions(ActionQueue.java:499)
	at org.hibernate.orm.core@6.4.4.Final/org.hibernate.event.internal.AbstractFlushingEventListener.performExecutions(AbstractFlushingEventListener.java:363)
	at org.hibernate.orm.core@6.4.4.Final/org.hibernate.event.internal.DefaultFlushEventListener.onFlush(DefaultFlushEventListener.java:41)
	at org.hibernate.orm.core@6.4.4.Final/org.hibernate.event.service.internal.EventListenerGroupImpl.fireEventOnEachListener(EventListenerGroupImpl.java:127)
	at org.hibernate.orm.core@6.4.4.Final/org.hibernate.internal.SessionImpl.doFlush(SessionImpl.java:1403)
	at org.hibernate.orm.core@6.4.4.Final/org.hibernate.internal.SessionImpl.managedFlush(SessionImpl.java:484)
	at org.hibernate.orm.core@6.4.4.Final/org.hibernate.internal.SessionImpl.flushBeforeTransactionCompletion(SessionImpl.java:2319)
	at org.hibernate.orm.core@6.4.4.Final/org.hibernate.internal.SessionImpl.beforeTransactionCompletion(SessionImpl.java:1976)
	at org.hibernate.orm.core@6.4.4.Final/org.hibernate.engine.jdbc.internal.JdbcCoordinatorImpl.beforeTransactionCompletion(JdbcCoordinatorImpl.java:439)
	at org.hibernate.orm.core@6.4.4.Final/org.hibernate.resource.transaction.backend.jdbc.internal.JdbcResourceLocalTransactionCoordinatorImpl.beforeCompletionCallback(JdbcResourceLocalTransactionCoordinatorImpl.java:169)
	at org.hibernate.orm.core@6.4.4.Final/org.hibernate.resource.transaction.backend.jdbc.internal.JdbcResourceLocalTransactionCoordinatorImpl$TransactionDriverControlImpl.commit(JdbcResourceLocalTransactionCoordinatorImpl.java:267)
	at org.hibernate.orm.core@6.4.4.Final/org.hibernate.engine.transaction.internal.TransactionImpl.commit(TransactionImpl.java:101)
	at com.example.demo/com.example.demo.controller.EmployeeDAO.update(EmployeeDAO.java:42)
	at com.example.demo/com.example.demo.controller.MainController$5.call(MainController.java:408)
	at com.example.demo/com.example.demo.controller.MainController$5.call(MainController.java:400)
	at javafx.graphics@21.0.6/javafx.concurrent.Task$TaskCallable.call(Task.java:1399)
	at java.base/java.util.concurrent.FutureTask.run(FutureTask.java:317)
	at java.base/java.lang.Thread.run(Thread.java:1575)
Caused by: java.sql.SQLSyntaxErrorException: You have an error in your SQL syntax; check the manual that corresponds to your MySQL server version for the right syntax to use near 'condition='OBECNY',first_name='Paweł',group_id=4,last_name='Kowalski',salary=70' at line 1
	at com.mysql.cj.jdbc.exceptions.SQLError.createSQLException(SQLError.java:121)
	at com.mysql.cj.jdbc.exceptions.SQLExceptionsMapping.translateException(SQLExceptionsMapping.java:122)
	at com.mysql.cj.jdbc.ClientPreparedStatement.executeInternal(ClientPreparedStatement.java:912)
	at com.mysql.cj.jdbc.ClientPreparedStatement.executeUpdateInternal(ClientPreparedStatement.java:1054)
	at com.mysql.cj.jdbc.ClientPreparedStatement.executeUpdateInternal(ClientPreparedStatement.java:1003)
	at com.mysql.cj.jdbc.ClientPreparedStatement.executeLargeUpdate(ClientPreparedStatement.java:1312)
	at com.mysql.cj.jdbc.ClientPreparedStatement.executeUpdate(ClientPreparedStatement.java:988)
	at org.hibernate.orm.core@6.4.4.Final/org.hibernate.engine.jdbc.internal.ResultSetReturnImpl.executeUpdate(ResultSetReturnImpl.java:194)
	... 27 more

[2025-12-04 23:08:36] SQLGrammarException: could not execute statement [You have an error in your SQL syntax; check the manual that corresponds to your MySQL server version for the right syntax to use near 'condition='obecny',deleted=0,first_name='Paweł',group_id=4,last_name='Kowalski'' at line 1] [update employees set birth_year=?,condition=?,deleted=?,first_name=?,group_id=?,last_name=?,salary=?,updated_at=? where id=?]
org.hibernate.exception.SQLGrammarException: could not execute statement [You have an error in your SQL syntax; check the manual that corresponds to your MySQL server version for the right syntax to use near 'condition='obecny',deleted=0,first_name='Paweł',group_id=4,last_name='Kowalski'' at line 1] [update employees set birth_year=?,condition=?,deleted=?,first_name=?,group_id=?,last_name=?,salary=?,updated_at=? where id=?]
	at org.hibernate.orm.core@6.4.4.Final/org.hibernate.exception.internal.SQLExceptionTypeDelegate.convert(SQLExceptionTypeDelegate.java:66)
	at org.hibernate.orm.core@6.4.4.Final/org.hibernate.exception.internal.StandardSQLExceptionConverter.convert(StandardSQLExceptionConverter.java:58)
	at org.hibernate.orm.core@6.4.4.Final/org.hibernate.engine.jdbc.spi.SqlExceptionHelper.convert(SqlExceptionHelper.java:108)
	at org.hibernate.orm.core@6.4.4.Final/org.hibernate.engine.jdbc.internal.ResultSetReturnImpl.executeUpdate(ResultSetReturnImpl.java:197)
	at org.hibernate.orm.core@6.4.4.Final/org.hibernate.engine.jdbc.mutation.internal.AbstractMutationExecutor.performNonBatchedMutation(AbstractMutationExecutor.java:108)
	at org.hibernate.orm.core@6.4.4.Final/org.hibernate.engine.jdbc.mutation.internal.MutationExecutorSingleNonBatched.performNonBatchedOperations(MutationExecutorSingleNonBatched.java:40)
	at org.hibernate.orm.core@6.4.4.Final/org.hibernate.engine.jdbc.mutation.internal.AbstractMutationExecutor.execute(AbstractMutationExecutor.java:52)
	at org.hibernate.orm.core@6.4.4.Final/org.hibernate.persister.entity.mutation.UpdateCoordinatorStandard.doStaticUpdate(UpdateCoordinatorStandard.java:778)
	at org.hibernate.orm.core@6.4.4.Final/org.hibernate.persister.entity.mutation.UpdateCoordinatorStandard.performUpdate(UpdateCoordinatorStandard.java:324)
	at org.hibernate.orm.core@6.4.4.Final/org.hibernate.persister.entity.mutation.UpdateCoordinatorStandard.coordinateUpdate(UpdateCoordinatorStandard.java:242)
	at org.hibernate.orm.core@6.4.4.Final/org.hibernate.persister.entity.AbstractEntityPersister.update(AbstractEntityPersister.java:2810)
	at org.hibernate.orm.core@6.4.4.Final/org.hibernate.action.internal.EntityUpdateAction.execute(EntityUpdateAction.java:168)
	at org.hibernate.orm.core@6.4.4.Final/org.hibernate.engine.spi.ActionQueue.executeActions(ActionQueue.java:632)
	at org.hibernate.orm.core@6.4.4.Final/org.hibernate.engine.spi.ActionQueue.executeActions(ActionQueue.java:499)
	at org.hibernate.orm.core@6.4.4.Final/org.hibernate.event.internal.AbstractFlushingEventListener.performExecutions(AbstractFlushingEventListener.java:363)
	at org.hibernate.orm.core@6.4.4.Final/org.hibernate.event.internal.DefaultFlushEventListener.onFlush(DefaultFlushEventListener.java:41)
	at org.hibernate.orm.core@6.4.4.Final/org.hibernate.event.service.internal.EventListenerGroupImpl.fireEventOnEachListener(EventListenerGroupImpl.java:127)
	at org.hibernate.orm.core@6.4.4.Final/org.hibernate.internal.SessionImpl.doFlush(SessionImpl.java:1403)
	at org.hibernate.orm.core@6.4.4.Final/org.hibernate.internal.SessionImpl.managedFlush(SessionImpl.java:484)
	at org.hibernate.orm.core@6.4.4.Final/org.hibernate.internal.SessionImpl.flushBeforeTransactionCompletion(SessionImpl.java:2319)
	at org.hibernate.orm.core@6.4.4.Final/org.hibernate.internal.SessionImpl.beforeTransactionCompletion(SessionImpl.java:1976)
	at org.hibernate.orm.core@6.4.4.Final/org.hibernate.engine.jdbc.internal.JdbcCoordinatorImpl.beforeTransactionCompletion(JdbcCoordinatorImpl.java:439)
	at org.hibernate.orm.core@6.4.4.Final/org.hibernate.resource.transaction.backend.jdbc.internal.JdbcResourceLocalTransactionCoordinatorImpl.beforeCompletionCallback(JdbcResourceLocalTransactionCoordinatorImpl.java:169)
	at org.hibernate.orm.core@6.4.4.Final/org.hibernate.resource.transaction.backend.jdbc.internal.JdbcResourceLocalTransactionCoordinatorImpl$TransactionDriverControlImpl.commit(JdbcResourceLocalTransactionCoordinatorImpl.java:267)
	at org.hibernate.orm.core@6.4.4.Final/org.hibernate.engine.transaction.internal.TransactionImpl.commit(TransactionImpl.java:101)
	at com.example.demo/com.example.demo.controller.EmployeeDAO.update(EmployeeDAO.java:42)
	at com.example.demo/com.example.demo.controller.MainController$5.call(MainController.java:408)
	at com.example.demo/com.example.demo.controller.MainController$5.call(MainController.java:1)
	at javafx.graphics@21.0.6/javafx.concurrent.Task$TaskCallable.call(Task.java:1399)
	at java.base/java.util.concurrent.FutureTask.run(FutureTask.java:317)
	at java.base/java.lang.Thread.run(Thread.java:1575)
Caused by: java.sql.SQLSyntaxErrorException: You have an error in your SQL syntax; check the manual that corresponds to your MySQL server version for the right syntax to use near 'condition='obecny',deleted=0,first_name='Paweł',group_id=4,last_name='Kowalski'' at line 1
	at com.mysql.cj.jdbc.exceptions.SQLError.createSQLException(SQLError.java:121)
	at com.mysql.cj.jdbc.exceptions.SQLExceptionsMapping.translateException(SQLExceptionsMapping.java:122)
	at com.mysql.cj.jdbc.ClientPreparedStatement.executeInternal(ClientPreparedStatement.java:912)
	at com.mysql.cj.jdbc.ClientPreparedStatement.executeUpdateInternal(ClientPreparedStatement.java:1054)
	at com.mysql.cj.jdbc.ClientPreparedStatement.executeUpdateInternal(ClientPreparedStatement.java:1003)
	at com.mysql.cj.jdbc.ClientPreparedStatement.executeLargeUpdate(ClientPreparedStatement.java:1312)
	at com.mysql.cj.jdbc.ClientPreparedStatement.executeUpdate(ClientPreparedStatement.java:988)
	at org.hibernate.orm.core@6.4.4.Final/org.hibernate.engine.jdbc.internal.ResultSetReturnImpl.executeUpdate(ResultSetReturnImpl.java:194)
	... 27 more

